<?xml version="1.0" encoding="UTF-8"?>
<testng-results skipped="0" failed="0" ignored="0" total="1" passed="1">
  <reporter-output>
  </reporter-output>
  <suite name="Suite" duration-ms="41214" started-at="2022-04-22T19:58:44 IST" finished-at="2022-04-22T19:59:25 IST">
    <groups>
    </groups>
    <test name="Test" duration-ms="41214" started-at="2022-04-22T19:58:44 IST" finished-at="2022-04-22T19:59:25 IST">
      <class name="demo.practice.HeadlessChrome">
        <test-method status="PASS" signature="test1()[pri:0, instance:demo.practice.HeadlessChrome@3439f68d]" name="test1" duration-ms="41149" started-at="2022-04-22T19:58:44 IST" finished-at="2022-04-22T19:59:25 IST">
          <reporter-output>
          </reporter-output>
        </test-method> <!-- test1 -->
      </class> <!-- demo.practice.HeadlessChrome -->
    </test> <!-- Test -->
  </suite> <!-- Suite -->
</testng-results>
